<?xml version="1.0" encoding="UTF-8"?>
<TestRun id="63d701cc-5754-4110-bfe9-b7057c9a7894" name="Miguel@MIGUEL-PC 2014-04-12 22:40:25" runUser="Miguel-PC\Miguel" xmlns="http://microsoft.com/schemas/VisualStudio/TeamTest/2010">
  <TestSettings name="Local" id="1dcbe75f-c5ac-4345-ae5f-4a9db4675057">
    <Description>These are default test settings for a local test run.</Description>
    <Deployment enabled="false" runDeploymentRoot="Miguel_MIGUEL-PC 2014-04-12 22_40_25">
      <DeploymentItem filename="C:\Users\Miguel\Documents\Visual Studio 2010\Projects\spaceApps\spaceNegocio\bin\Debug\spaceNegocio.dll" />
    </Deployment>
    <Execution>
      <TestTypeSpecific />
      <AgentRule name="Execution Agents">
      </AgentRule>
    </Execution>
  </TestSettings>
  <Times creation="2014-04-12T22:40:25.5223235-04:00" queuing="2014-04-12T22:40:30.3636004-04:00" start="2014-04-12T22:40:30.6866189-04:00" finish="2014-04-12T22:40:42.8073121-04:00" />
  <ResultSummary outcome="Inconclusive">
    <Counters total="1" executed="1" error="0" failed="0" timeout="0" aborted="0" inconclusive="1" passedButRunAborted="0" notRunnable="0" notExecuted="0" disconnected="0" warning="0" passed="0" completed="0" inProgress="0" pending="0" />
  </ResultSummary>
  <TestDefinitions>
    <UnitTest name="ReadUrlFileTest" storage="c:\users\miguel\documents\visual studio 2010\projects\spaceapps\testunitspace\bin\debug\testunitspace.dll" id="4cd74047-febe-3052-6a5b-ec8bb85c3934">
      <Execution id="f4985398-0bc8-440d-9c94-4e8dfd77e320" />
      <TestMethod codeBase="C:/Users/Miguel/Documents/Visual Studio 2010/Projects/spaceApps/TestUnitSpace/bin/Debug/TestUnitSpace.DLL" adapterTypeName="Microsoft.VisualStudio.TestTools.TestTypes.Unit.UnitTestAdapter, Microsoft.VisualStudio.QualityTools.Tips.UnitTest.Adapter, Version=10.0.0.0, Culture=neutral, PublicKeyToken=b03f5f7f11d50a3a" className="TestUnitSpace.FileUrlReaderTest, TestUnitSpace, Version=1.0.0.0, Culture=neutral, PublicKeyToken=null" name="ReadUrlFileTest" />
    </UnitTest>
  </TestDefinitions>
  <TestLists>
    <TestList name="Results Not in a List" id="8c84fa94-04c1-424b-9868-57a2d4851a1d" />
    <TestList name="All Loaded Results" id="19431567-8539-422a-85d7-44ee4e166bda" />
  </TestLists>
  <TestEntries>
    <TestEntry testId="4cd74047-febe-3052-6a5b-ec8bb85c3934" executionId="f4985398-0bc8-440d-9c94-4e8dfd77e320" testListId="8c84fa94-04c1-424b-9868-57a2d4851a1d" />
  </TestEntries>
  <Results>
    <UnitTestResult executionId="f4985398-0bc8-440d-9c94-4e8dfd77e320" testId="4cd74047-febe-3052-6a5b-ec8bb85c3934" testName="ReadUrlFileTest" computerName="MIGUEL-PC" duration="00:00:10.6561706" startTime="2014-04-12T22:40:30.8846302-04:00" endTime="2014-04-12T22:40:42.6783048-04:00" testType="13cdc9d9-ddb5-4fa4-a97d-d965ccfc6d4b" outcome="Inconclusive" testListId="8c84fa94-04c1-424b-9868-57a2d4851a1d" relativeResultsDirectory="f4985398-0bc8-440d-9c94-4e8dfd77e320">
      <Output>
        <ErrorInfo>
          <Message>Assert.Inconclusive failed. A method that does not return a value cannot be verified.</Message>
          <StackTrace>   at TestUnitSpace.FileUrlReaderTest.ReadUrlFileTest() in C:\Users\Miguel\Documents\Visual Studio 2010\Projects\spaceApps\TestUnitSpace\FileUrlReaderTest.cs:line 75
</StackTrace>
        </ErrorInfo>
      </Output>
    </UnitTestResult>
  </Results>
</TestRun>